2020-08-15 12:09:28,739:INFO:PyCaret Regression Module
2020-08-15 12:09:28,740:INFO:version 2.0
2020-08-15 12:09:28,741:INFO:Initializing setup()
2020-08-15 12:09:28,741:INFO:USI: 8cd7
2020-08-15 12:09:28,742:INFO:setup(data=(6000, 8), target=Price, train_size=0.7, sampling=True, sample_estimator=None, categorical_features=None, categorical_imputation=constant, ordinal_features=None,
                    high_cardinality_features=None, high_cardinality_method=frequency, numeric_features=None, numeric_imputation=mean, date_features=None, ignore_features=None, normalize=False,
                    normalize_method=zscore, transformation=False, transformation_method=yeo-johnson, handle_unknown_categorical=True, unknown_categorical_method=least_frequent, pca=False, pca_method=linear,
                    pca_components=None, ignore_low_variance=False, combine_rare_levels=False, rare_level_threshold=0.1, bin_numeric_features=None, remove_outliers=False, outliers_threshold=0.05,
                    remove_multicollinearity=False, multicollinearity_threshold=0.9, remove_perfect_collinearity=False, create_clusters=False, cluster_iter=20,
                    polynomial_features=False, polynomial_degree=2, trigonometry_features=False, polynomial_threshold=0.1, group_features=None,
                    group_names=None, feature_selection=False, feature_selection_threshold=0.8, feature_interaction=False, feature_ratio=False, interaction_threshold=0.01, transform_target=False,
                    transform_target_method=box-cox, data_split_shuffle=True, folds_shuffle=False, n_jobs=-1, html=True, session_id=123, log_experiment=False,
                    experiment_name=None, log_plots=False, log_profile=False, log_data=False, silent=False, verbose=True, profile=False)
2020-08-15 12:09:28,744:INFO:Checking environment
2020-08-15 12:09:28,745:INFO:python_version: 3.8.3
2020-08-15 12:09:28,746:INFO:python_build: ('default', 'Jul  2 2020 17:30:36')
2020-08-15 12:09:28,747:INFO:machine: AMD64
2020-08-15 12:09:28,748:INFO:platform: Windows-10-10.0.19041-SP0
2020-08-15 12:09:28,749:INFO:Memory: svmem(total=8437030912, available=1728258048, percent=79.5, used=6708772864, free=1728258048)
2020-08-15 12:09:28,749:INFO:Physical Core: 6
2020-08-15 12:09:28,751:INFO:Logical Core: 12
2020-08-15 12:09:28,752:INFO:Checking libraries
2020-08-15 12:09:28,753:INFO:pd==1.0.5
2020-08-15 12:09:28,754:INFO:numpy==1.18.5
2020-08-15 12:09:29,166:INFO:sklearn==0.23.2
2020-08-15 12:09:29,778:INFO:xgboost==1.1.1
2020-08-15 12:09:29,835:INFO:lightgbm==2.3.1
2020-08-15 12:09:29,894:INFO:catboost==0.24
2020-08-15 12:09:31,254:INFO:mlflow==1.10.0
2020-08-15 12:09:31,255:INFO:Checking Exceptions
2020-08-15 12:09:31,255:INFO:Preloading libraries
2020-08-15 12:09:31,256:INFO:Preparing display monitor
2020-08-15 12:09:31,278:INFO:Importing libraries
2020-08-15 12:09:32,213:INFO:Copying data for preprocessing
2020-08-15 12:09:32,214:INFO:Declaring global variables
2020-08-15 12:09:32,219:INFO:Declaring preprocessing parameters
2020-08-15 12:09:32,220:INFO:Importing preprocessing module
2020-08-15 12:09:32,693:INFO:Creating preprocessing pipeline
2020-08-15 12:09:38,422:INFO:Preprocessing pipeline created successfully
2020-08-15 12:09:38,422:INFO:No inverse transformer found
2020-08-15 12:09:38,423:INFO:Creating grid variables
2020-08-15 12:09:38,426:INFO:Creating global containers
2020-08-15 12:09:38,486:INFO:create_model_container: 0
2020-08-15 12:09:38,486:INFO:master_model_container: 0
2020-08-15 12:09:38,487:INFO:display_container: 0
2020-08-15 12:09:38,488:INFO:setup() succesfully completed......................................
2020-08-15 12:10:06,586:INFO:Initializing create_model()
2020-08-15 12:10:06,587:INFO:create_model(estimator=lightgbm, ensemble=False, method=None, fold=10, round=4, cross_validation=True, verbose=True, system=True)
2020-08-15 12:10:06,588:INFO:Checking exceptions
2020-08-15 12:10:06,589:INFO:Preloading libraries
2020-08-15 12:10:06,590:INFO:Preparing display monitor
2020-08-15 12:10:06,611:INFO:Copying training dataset
2020-08-15 12:10:06,613:INFO:Importing libraries
2020-08-15 12:10:06,614:INFO:Defining folds
2020-08-15 12:10:06,616:INFO:Declaring metric variables
2020-08-15 12:10:06,625:INFO:Light Gradient Boosting Machine Imported succesfully
2020-08-15 12:10:06,626:INFO:Checking ensemble method
2020-08-15 12:10:06,633:INFO:Initializing Fold 1
2020-08-15 12:10:06,642:INFO:Fitting Model
2020-08-15 12:10:06,778:INFO:Evaluating Metrics
2020-08-15 12:10:06,784:INFO:No inverse transformation
2020-08-15 12:10:06,786:INFO:Compiling Metrics
2020-08-15 12:10:06,821:INFO:Initializing Fold 2
2020-08-15 12:10:06,834:INFO:Fitting Model
2020-08-15 12:10:06,962:INFO:Evaluating Metrics
2020-08-15 12:10:06,969:INFO:No inverse transformation
2020-08-15 12:10:06,970:INFO:Compiling Metrics
2020-08-15 12:10:07,004:INFO:Initializing Fold 3
2020-08-15 12:10:07,016:INFO:Fitting Model
2020-08-15 12:10:07,125:INFO:Evaluating Metrics
2020-08-15 12:10:07,132:INFO:No inverse transformation
2020-08-15 12:10:07,134:INFO:Compiling Metrics
2020-08-15 12:10:07,167:INFO:Initializing Fold 4
2020-08-15 12:10:07,178:INFO:Fitting Model
2020-08-15 12:10:07,286:INFO:Evaluating Metrics
2020-08-15 12:10:07,292:INFO:No inverse transformation
2020-08-15 12:10:07,294:INFO:Compiling Metrics
2020-08-15 12:10:07,331:INFO:Initializing Fold 5
2020-08-15 12:10:07,341:INFO:Fitting Model
2020-08-15 12:10:07,462:INFO:Evaluating Metrics
2020-08-15 12:10:07,469:INFO:No inverse transformation
2020-08-15 12:10:07,470:INFO:Compiling Metrics
2020-08-15 12:10:07,505:INFO:Initializing Fold 6
2020-08-15 12:10:07,518:INFO:Fitting Model
2020-08-15 12:10:07,627:INFO:Evaluating Metrics
2020-08-15 12:10:07,633:INFO:No inverse transformation
2020-08-15 12:10:07,635:INFO:Compiling Metrics
2020-08-15 12:10:07,671:INFO:Initializing Fold 7
2020-08-15 12:10:07,683:INFO:Fitting Model
2020-08-15 12:10:07,795:INFO:Evaluating Metrics
2020-08-15 12:10:07,802:INFO:No inverse transformation
2020-08-15 12:10:07,803:INFO:Compiling Metrics
2020-08-15 12:10:07,840:INFO:Initializing Fold 8
2020-08-15 12:10:07,851:INFO:Fitting Model
2020-08-15 12:10:07,964:INFO:Evaluating Metrics
2020-08-15 12:10:07,970:INFO:No inverse transformation
2020-08-15 12:10:07,971:INFO:Compiling Metrics
2020-08-15 12:10:08,008:INFO:Initializing Fold 9
2020-08-15 12:10:08,020:INFO:Fitting Model
2020-08-15 12:10:08,131:INFO:Evaluating Metrics
2020-08-15 12:10:08,137:INFO:No inverse transformation
2020-08-15 12:10:08,138:INFO:Compiling Metrics
2020-08-15 12:10:08,177:INFO:Initializing Fold 10
2020-08-15 12:10:08,189:INFO:Fitting Model
2020-08-15 12:10:08,298:INFO:Evaluating Metrics
2020-08-15 12:10:08,305:INFO:No inverse transformation
2020-08-15 12:10:08,306:INFO:Compiling Metrics
2020-08-15 12:10:08,344:INFO:Calculating mean and std
2020-08-15 12:10:08,346:INFO:Creating metrics dataframe
2020-08-15 12:10:08,362:INFO:Finalizing model
2020-08-15 12:10:08,478:INFO:Uploading results into container
2020-08-15 12:10:08,479:INFO:Uploading model into container
2020-08-15 12:10:08,558:INFO:create_model_container: 1
2020-08-15 12:10:08,559:INFO:master_model_container: 1
2020-08-15 12:10:08,560:INFO:display_container: 1
2020-08-15 12:10:08,561:INFO:LGBMRegressor(boosting_type='gbdt', class_weight=None, colsample_bytree=1.0,
              importance_type='split', learning_rate=0.1, max_depth=-1,
              min_child_samples=20, min_child_weight=0.001, min_split_gain=0.0,
              n_estimators=100, n_jobs=-1, num_leaves=31, objective=None,
              random_state=123, reg_alpha=0.0, reg_lambda=0.0, silent=True,
              subsample=1.0, subsample_for_bin=200000, subsample_freq=0)
2020-08-15 12:10:08,562:INFO:create_model() succesfully completed......................................
2020-08-15 12:10:37,741:INFO:Initializing plot_model()
2020-08-15 12:10:37,742:INFO:plot_model(estimator=LGBMRegressor(boosting_type='gbdt', class_weight=None, colsample_bytree=1.0,
              importance_type='split', learning_rate=0.1, max_depth=-1,
              min_child_samples=20, min_child_weight=0.001, min_split_gain=0.0,
              n_estimators=100, n_jobs=-1, num_leaves=31, objective=None,
              random_state=123, reg_alpha=0.0, reg_lambda=0.0, silent=True,
              subsample=1.0, subsample_for_bin=200000, subsample_freq=0), plot=residuals, save=False, verbose=True, system=True)
2020-08-15 12:10:37,743:INFO:Checking exceptions
2020-08-15 12:10:37,744:INFO:Preloading libraries
2020-08-15 12:10:37,745:INFO:Preparing display monitor
2020-08-15 12:10:37,753:INFO:Importing libraries
2020-08-15 12:10:37,754:INFO:plot type: residuals
2020-08-15 12:10:37,892:INFO:Fitting Model
2020-08-15 12:10:37,984:INFO:Scoring test/hold-out set
2020-08-15 12:10:38,750:INFO:Visual Rendered Successfully
2020-08-15 12:10:38,751:INFO:plot_model() succesfully completed......................................
2020-08-15 12:10:56,984:INFO:Initializing tune_model()
2020-08-15 12:10:56,986:INFO:tune_model(estimator=lightgbm, fold=10, round=4, n_iter=10, custom_grid=None, optimize=R2, choose_better=False, verbose=True)
2020-08-15 12:10:56,986:INFO:Checking exceptions
2020-08-15 12:11:20,672:INFO:Initializing create_model()
2020-08-15 12:11:20,673:INFO:create_model(estimator=lightgbm, ensemble=False, method=None, fold=10, round=4, cross_validation=True, verbose=True, system=True)
2020-08-15 12:11:20,674:INFO:Checking exceptions
2020-08-15 12:11:20,674:INFO:Preloading libraries
2020-08-15 12:11:20,675:INFO:Preparing display monitor
2020-08-15 12:11:20,693:INFO:Copying training dataset
2020-08-15 12:11:20,695:INFO:Importing libraries
2020-08-15 12:11:20,696:INFO:Defining folds
2020-08-15 12:11:20,698:INFO:Declaring metric variables
2020-08-15 12:11:20,703:INFO:Light Gradient Boosting Machine Imported succesfully
2020-08-15 12:11:20,704:INFO:Checking ensemble method
2020-08-15 12:11:20,715:INFO:Initializing Fold 1
2020-08-15 12:11:20,726:INFO:Fitting Model
2020-08-15 12:11:20,852:INFO:Evaluating Metrics
2020-08-15 12:11:20,859:INFO:No inverse transformation
2020-08-15 12:11:20,860:INFO:Compiling Metrics
2020-08-15 12:11:20,896:INFO:Initializing Fold 2
2020-08-15 12:11:20,909:INFO:Fitting Model
2020-08-15 12:11:21,028:INFO:Evaluating Metrics
2020-08-15 12:11:21,035:INFO:No inverse transformation
2020-08-15 12:11:21,036:INFO:Compiling Metrics
2020-08-15 12:11:21,072:INFO:Initializing Fold 3
2020-08-15 12:11:21,084:INFO:Fitting Model
2020-08-15 12:11:21,193:INFO:Evaluating Metrics
2020-08-15 12:11:21,200:INFO:No inverse transformation
2020-08-15 12:11:21,201:INFO:Compiling Metrics
2020-08-15 12:11:21,239:INFO:Initializing Fold 4
2020-08-15 12:11:21,251:INFO:Fitting Model
2020-08-15 12:11:21,360:INFO:Evaluating Metrics
2020-08-15 12:11:21,366:INFO:No inverse transformation
2020-08-15 12:11:21,368:INFO:Compiling Metrics
2020-08-15 12:11:21,406:INFO:Initializing Fold 5
2020-08-15 12:11:21,418:INFO:Fitting Model
2020-08-15 12:11:21,527:INFO:Evaluating Metrics
2020-08-15 12:11:21,534:INFO:No inverse transformation
2020-08-15 12:11:21,535:INFO:Compiling Metrics
2020-08-15 12:11:21,575:INFO:Initializing Fold 6
2020-08-15 12:11:21,587:INFO:Fitting Model
2020-08-15 12:11:21,697:INFO:Evaluating Metrics
2020-08-15 12:11:21,704:INFO:No inverse transformation
2020-08-15 12:11:21,705:INFO:Compiling Metrics
2020-08-15 12:11:21,745:INFO:Initializing Fold 7
2020-08-15 12:11:21,757:INFO:Fitting Model
2020-08-15 12:11:21,868:INFO:Evaluating Metrics
2020-08-15 12:11:21,875:INFO:No inverse transformation
2020-08-15 12:11:21,876:INFO:Compiling Metrics
2020-08-15 12:11:21,915:INFO:Initializing Fold 8
2020-08-15 12:11:21,929:INFO:Fitting Model
2020-08-15 12:11:22,046:INFO:Evaluating Metrics
2020-08-15 12:11:22,053:INFO:No inverse transformation
2020-08-15 12:11:22,055:INFO:Compiling Metrics
2020-08-15 12:11:22,094:INFO:Initializing Fold 9
2020-08-15 12:11:22,106:INFO:Fitting Model
2020-08-15 12:11:22,218:INFO:Evaluating Metrics
2020-08-15 12:11:22,225:INFO:No inverse transformation
2020-08-15 12:11:22,226:INFO:Compiling Metrics
2020-08-15 12:11:22,266:INFO:Initializing Fold 10
2020-08-15 12:11:22,278:INFO:Fitting Model
2020-08-15 12:11:22,403:INFO:Evaluating Metrics
2020-08-15 12:11:22,410:INFO:No inverse transformation
2020-08-15 12:11:22,412:INFO:Compiling Metrics
2020-08-15 12:11:22,453:INFO:Calculating mean and std
2020-08-15 12:11:22,456:INFO:Creating metrics dataframe
2020-08-15 12:11:22,472:INFO:Finalizing model
2020-08-15 12:11:22,599:INFO:Uploading results into container
2020-08-15 12:11:22,600:INFO:Uploading model into container
2020-08-15 12:11:22,679:INFO:create_model_container: 2
2020-08-15 12:11:22,680:INFO:master_model_container: 2
2020-08-15 12:11:22,681:INFO:display_container: 2
2020-08-15 12:11:22,683:INFO:LGBMRegressor(boosting_type='gbdt', class_weight=None, colsample_bytree=1.0,
              importance_type='split', learning_rate=0.1, max_depth=-1,
              min_child_samples=20, min_child_weight=0.001, min_split_gain=0.0,
              n_estimators=100, n_jobs=-1, num_leaves=31, objective=None,
              random_state=123, reg_alpha=0.0, reg_lambda=0.0, silent=True,
              subsample=1.0, subsample_for_bin=200000, subsample_freq=0)
2020-08-15 12:11:22,684:INFO:create_model() succesfully completed......................................
2020-08-15 12:11:26,774:INFO:Initializing tune_model()
2020-08-15 12:11:26,775:INFO:tune_model(estimator=lightgbm, fold=10, round=4, n_iter=10, custom_grid=None, optimize=R2, choose_better=False, verbose=True)
2020-08-15 12:11:26,776:INFO:Checking exceptions
2020-08-15 12:13:28,310:INFO:Initializing tune_model()
2020-08-15 12:13:28,312:INFO:tune_model(estimator=LGBMRegressor(boosting_type='gbdt', class_weight=None, colsample_bytree=1.0,
              importance_type='split', learning_rate=0.1, max_depth=-1,
              min_child_samples=20, min_child_weight=0.001, min_split_gain=0.0,
              n_estimators=100, n_jobs=-1, num_leaves=31, objective=None,
              random_state=123, reg_alpha=0.0, reg_lambda=0.0, silent=True,
              subsample=1.0, subsample_for_bin=200000, subsample_freq=0), fold=10, round=4, n_iter=10, custom_grid=None, optimize=AUC, choose_better=False, verbose=True)
2020-08-15 12:13:28,313:INFO:Checking exceptions
2020-08-15 12:14:06,313:INFO:Initializing create_model()
2020-08-15 12:14:06,314:INFO:create_model(estimator=lightgbm, ensemble=False, method=None, fold=10, round=4, cross_validation=True, verbose=True, system=True)
2020-08-15 12:14:06,315:INFO:Checking exceptions
2020-08-15 12:14:06,316:INFO:Preloading libraries
2020-08-15 12:14:06,317:INFO:Preparing display monitor
2020-08-15 12:14:06,341:INFO:Copying training dataset
2020-08-15 12:14:06,343:INFO:Importing libraries
2020-08-15 12:14:06,344:INFO:Defining folds
2020-08-15 12:14:06,345:INFO:Declaring metric variables
2020-08-15 12:14:06,352:INFO:Light Gradient Boosting Machine Imported succesfully
2020-08-15 12:14:06,354:INFO:Checking ensemble method
2020-08-15 12:14:06,361:INFO:Initializing Fold 1
2020-08-15 12:14:06,369:INFO:Fitting Model
2020-08-15 12:14:06,517:INFO:Evaluating Metrics
2020-08-15 12:14:06,524:INFO:No inverse transformation
2020-08-15 12:14:06,526:INFO:Compiling Metrics
2020-08-15 12:14:06,566:INFO:Initializing Fold 2
2020-08-15 12:14:06,578:INFO:Fitting Model
2020-08-15 12:14:06,703:INFO:Evaluating Metrics
2020-08-15 12:14:06,710:INFO:No inverse transformation
2020-08-15 12:14:06,712:INFO:Compiling Metrics
2020-08-15 12:14:06,752:INFO:Initializing Fold 3
2020-08-15 12:14:06,765:INFO:Fitting Model
2020-08-15 12:14:06,882:INFO:Evaluating Metrics
2020-08-15 12:14:06,889:INFO:No inverse transformation
2020-08-15 12:14:06,890:INFO:Compiling Metrics
2020-08-15 12:14:06,929:INFO:Initializing Fold 4
2020-08-15 12:14:06,942:INFO:Fitting Model
2020-08-15 12:14:07,059:INFO:Evaluating Metrics
2020-08-15 12:14:07,066:INFO:No inverse transformation
2020-08-15 12:14:07,067:INFO:Compiling Metrics
2020-08-15 12:14:07,105:INFO:Initializing Fold 5
2020-08-15 12:14:07,117:INFO:Fitting Model
2020-08-15 12:14:07,241:INFO:Evaluating Metrics
2020-08-15 12:14:07,248:INFO:No inverse transformation
2020-08-15 12:14:07,249:INFO:Compiling Metrics
2020-08-15 12:14:07,288:INFO:Initializing Fold 6
2020-08-15 12:14:07,300:INFO:Fitting Model
2020-08-15 12:14:07,430:INFO:Evaluating Metrics
2020-08-15 12:14:07,437:INFO:No inverse transformation
2020-08-15 12:14:07,438:INFO:Compiling Metrics
2020-08-15 12:14:07,479:INFO:Initializing Fold 7
2020-08-15 12:14:07,492:INFO:Fitting Model
2020-08-15 12:14:07,614:INFO:Evaluating Metrics
2020-08-15 12:14:07,621:INFO:No inverse transformation
2020-08-15 12:14:07,622:INFO:Compiling Metrics
2020-08-15 12:14:07,661:INFO:Initializing Fold 8
2020-08-15 12:14:07,675:INFO:Fitting Model
2020-08-15 12:14:07,805:INFO:Evaluating Metrics
2020-08-15 12:14:07,812:INFO:No inverse transformation
2020-08-15 12:14:07,814:INFO:Compiling Metrics
2020-08-15 12:14:07,856:INFO:Initializing Fold 9
2020-08-15 12:14:07,869:INFO:Fitting Model
2020-08-15 12:14:07,999:INFO:Evaluating Metrics
2020-08-15 12:14:08,006:INFO:No inverse transformation
2020-08-15 12:14:08,008:INFO:Compiling Metrics
2020-08-15 12:14:08,049:INFO:Initializing Fold 10
2020-08-15 12:14:08,062:INFO:Fitting Model
2020-08-15 12:14:08,190:INFO:Evaluating Metrics
2020-08-15 12:14:08,197:INFO:No inverse transformation
2020-08-15 12:14:08,199:INFO:Compiling Metrics
2020-08-15 12:14:08,242:INFO:Calculating mean and std
2020-08-15 12:14:08,245:INFO:Creating metrics dataframe
2020-08-15 12:14:08,263:INFO:Finalizing model
2020-08-15 12:14:08,395:INFO:Uploading results into container
2020-08-15 12:14:08,396:INFO:Uploading model into container
2020-08-15 12:14:08,480:INFO:create_model_container: 3
2020-08-15 12:14:08,481:INFO:master_model_container: 3
2020-08-15 12:14:08,482:INFO:display_container: 3
2020-08-15 12:14:08,484:INFO:LGBMRegressor(boosting_type='gbdt', class_weight=None, colsample_bytree=1.0,
              importance_type='split', learning_rate=0.1, max_depth=-1,
              min_child_samples=20, min_child_weight=0.001, min_split_gain=0.0,
              n_estimators=100, n_jobs=-1, num_leaves=31, objective=None,
              random_state=123, reg_alpha=0.0, reg_lambda=0.0, silent=True,
              subsample=1.0, subsample_for_bin=200000, subsample_freq=0)
2020-08-15 12:14:08,485:INFO:create_model() succesfully completed......................................
2020-08-15 12:14:38,652:INFO:Initializing tune_model()
2020-08-15 12:14:38,654:INFO:tune_model(estimator=LGBMRegressor(boosting_type='gbdt', class_weight=None, colsample_bytree=1.0,
              importance_type='split', learning_rate=0.1, max_depth=-1,
              min_child_samples=20, min_child_weight=0.001, min_split_gain=0.0,
              n_estimators=100, n_jobs=-1, num_leaves=31, objective=None,
              random_state=123, reg_alpha=0.0, reg_lambda=0.0, silent=True,
              subsample=1.0, subsample_for_bin=200000, subsample_freq=0), fold=10, round=4, n_iter=10, custom_grid=None, optimize=AUC, choose_better=False, verbose=True)
2020-08-15 12:14:38,655:INFO:Checking exceptions
2020-08-15 12:15:06,282:INFO:Initializing plot_model()
2020-08-15 12:15:06,284:INFO:plot_model(estimator=LGBMRegressor(boosting_type='gbdt', class_weight=None, colsample_bytree=1.0,
              importance_type='split', learning_rate=0.1, max_depth=-1,
              min_child_samples=20, min_child_weight=0.001, min_split_gain=0.0,
              n_estimators=100, n_jobs=-1, num_leaves=31, objective=None,
              random_state=123, reg_alpha=0.0, reg_lambda=0.0, silent=True,
              subsample=1.0, subsample_for_bin=200000, subsample_freq=0), plot=parameter, save=False, verbose=True, system=True)
2020-08-15 12:15:06,286:INFO:Checking exceptions
2020-08-15 12:15:06,288:INFO:Preloading libraries
2020-08-15 12:15:06,290:INFO:Preparing display monitor
2020-08-15 12:15:06,299:INFO:Importing libraries
2020-08-15 12:15:06,300:INFO:plot type: parameter
2020-08-15 12:15:06,309:INFO:Visual Rendered Successfully
2020-08-15 12:15:06,310:INFO:plot_model() succesfully completed......................................
2020-08-15 12:16:25,333:INFO:Initializing finalize_model()
2020-08-15 12:16:25,335:INFO:finalize_model(estimator=LGBMRegressor(boosting_type='gbdt', class_weight=None, colsample_bytree=1.0,
              importance_type='split', learning_rate=0.1, max_depth=-1,
              min_child_samples=20, min_child_weight=0.001, min_split_gain=0.0,
              n_estimators=100, n_jobs=-1, num_leaves=31, objective=None,
              random_state=123, reg_alpha=0.0, reg_lambda=0.0, silent=True,
              subsample=1.0, subsample_for_bin=200000, subsample_freq=0))
2020-08-15 12:16:25,335:INFO:Importing libraries
2020-08-15 12:16:25,336:INFO:Getting model name
2020-08-15 12:16:25,337:INFO:Finalizing Light Gradient Boosting Machine
2020-08-15 12:16:25,490:INFO:create_model_container: 3
2020-08-15 12:16:25,491:INFO:master_model_container: 3
2020-08-15 12:16:25,492:INFO:display_container: 4
2020-08-15 12:16:25,495:INFO:LGBMRegressor(boosting_type='gbdt', class_weight=None, colsample_bytree=1.0,
              importance_type='split', learning_rate=0.1, max_depth=-1,
              min_child_samples=20, min_child_weight=0.001, min_split_gain=0.0,
              n_estimators=100, n_jobs=-1, num_leaves=31, objective=None,
              random_state=123, reg_alpha=0.0, reg_lambda=0.0, silent=True,
              subsample=1.0, subsample_for_bin=200000, subsample_freq=0)
2020-08-15 12:16:25,496:INFO:finalize_model() succesfully completed......................................
2020-08-15 12:20:14,705:INFO:PyCaret Regression Module
2020-08-15 12:20:14,706:INFO:version 2.0
2020-08-15 12:20:14,707:INFO:Initializing setup()
2020-08-15 12:20:14,707:INFO:USI: 4139
2020-08-15 12:20:14,708:INFO:setup(data=(4200, 8), target=Price, train_size=0.7, sampling=True, sample_estimator=None, categorical_features=None, categorical_imputation=constant, ordinal_features=None,
                    high_cardinality_features=None, high_cardinality_method=frequency, numeric_features=None, numeric_imputation=mean, date_features=None, ignore_features=None, normalize=False,
                    normalize_method=zscore, transformation=False, transformation_method=yeo-johnson, handle_unknown_categorical=True, unknown_categorical_method=least_frequent, pca=False, pca_method=linear,
                    pca_components=None, ignore_low_variance=False, combine_rare_levels=False, rare_level_threshold=0.1, bin_numeric_features=None, remove_outliers=False, outliers_threshold=0.05,
                    remove_multicollinearity=False, multicollinearity_threshold=0.9, remove_perfect_collinearity=False, create_clusters=False, cluster_iter=20,
                    polynomial_features=False, polynomial_degree=2, trigonometry_features=False, polynomial_threshold=0.1, group_features=None,
                    group_names=None, feature_selection=False, feature_selection_threshold=0.8, feature_interaction=False, feature_ratio=False, interaction_threshold=0.01, transform_target=False,
                    transform_target_method=box-cox, data_split_shuffle=True, folds_shuffle=False, n_jobs=-1, html=True, session_id=123, log_experiment=False,
                    experiment_name=None, log_plots=False, log_profile=False, log_data=False, silent=False, verbose=True, profile=False)
2020-08-15 12:20:14,708:INFO:Checking environment
2020-08-15 12:20:14,709:INFO:python_version: 3.8.3
2020-08-15 12:20:14,709:INFO:python_build: ('default', 'Jul  2 2020 17:30:36')
2020-08-15 12:20:14,711:INFO:machine: AMD64
2020-08-15 12:20:14,711:INFO:platform: Windows-10-10.0.19041-SP0
2020-08-15 12:20:14,713:INFO:Memory: svmem(total=8437030912, available=1621594112, percent=80.8, used=6815436800, free=1621594112)
2020-08-15 12:20:14,713:INFO:Physical Core: 6
2020-08-15 12:20:14,714:INFO:Logical Core: 12
2020-08-15 12:20:14,714:INFO:Checking libraries
2020-08-15 12:20:14,715:INFO:pd==1.0.5
2020-08-15 12:20:14,715:INFO:numpy==1.18.5
2020-08-15 12:20:14,716:INFO:sklearn==0.23.2
2020-08-15 12:20:14,716:INFO:xgboost==1.1.1
2020-08-15 12:20:14,717:INFO:lightgbm==2.3.1
2020-08-15 12:20:14,718:INFO:catboost==0.24
2020-08-15 12:20:14,719:INFO:mlflow==1.10.0
2020-08-15 12:20:14,720:INFO:Checking Exceptions
2020-08-15 12:20:14,720:INFO:Preloading libraries
2020-08-15 12:20:14,721:INFO:Preparing display monitor
2020-08-15 12:20:14,733:INFO:Importing libraries
2020-08-15 12:20:14,745:INFO:Copying data for preprocessing
2020-08-15 12:20:14,748:INFO:Declaring global variables
2020-08-15 12:20:14,755:INFO:Declaring preprocessing parameters
2020-08-15 12:20:14,755:INFO:Importing preprocessing module
2020-08-15 12:20:14,756:INFO:Creating preprocessing pipeline
2020-08-15 12:20:16,840:INFO:Preprocessing pipeline created successfully
2020-08-15 12:20:16,841:INFO:No inverse transformer found
2020-08-15 12:20:16,842:INFO:Creating grid variables
2020-08-15 12:20:16,845:INFO:Creating global containers
2020-08-15 12:20:16,886:INFO:create_model_container: 0
2020-08-15 12:20:16,887:INFO:master_model_container: 0
2020-08-15 12:20:16,888:INFO:display_container: 0
2020-08-15 12:20:16,888:INFO:setup() succesfully completed......................................
2020-08-15 12:20:17,634:INFO:PyCaret Regression Module
2020-08-15 12:20:17,635:INFO:version 2.0
2020-08-15 12:20:17,636:INFO:Initializing setup()
2020-08-15 12:20:17,636:INFO:USI: 1652
2020-08-15 12:20:17,637:INFO:setup(data=(4200, 8), target=Price, train_size=0.7, sampling=True, sample_estimator=None, categorical_features=None, categorical_imputation=constant, ordinal_features=None,
                    high_cardinality_features=None, high_cardinality_method=frequency, numeric_features=None, numeric_imputation=mean, date_features=None, ignore_features=None, normalize=False,
                    normalize_method=zscore, transformation=False, transformation_method=yeo-johnson, handle_unknown_categorical=True, unknown_categorical_method=least_frequent, pca=False, pca_method=linear,
                    pca_components=None, ignore_low_variance=False, combine_rare_levels=False, rare_level_threshold=0.1, bin_numeric_features=None, remove_outliers=False, outliers_threshold=0.05,
                    remove_multicollinearity=False, multicollinearity_threshold=0.9, remove_perfect_collinearity=False, create_clusters=False, cluster_iter=20,
                    polynomial_features=False, polynomial_degree=2, trigonometry_features=False, polynomial_threshold=0.1, group_features=None,
                    group_names=None, feature_selection=False, feature_selection_threshold=0.8, feature_interaction=False, feature_ratio=False, interaction_threshold=0.01, transform_target=False,
                    transform_target_method=box-cox, data_split_shuffle=True, folds_shuffle=False, n_jobs=-1, html=True, session_id=123, log_experiment=False,
                    experiment_name=None, log_plots=False, log_profile=False, log_data=False, silent=False, verbose=True, profile=False)
2020-08-15 12:20:17,638:INFO:Checking environment
2020-08-15 12:20:17,638:INFO:python_version: 3.8.3
2020-08-15 12:20:17,639:INFO:python_build: ('default', 'Jul  2 2020 17:30:36')
2020-08-15 12:20:17,640:INFO:machine: AMD64
2020-08-15 12:20:17,642:INFO:platform: Windows-10-10.0.19041-SP0
2020-08-15 12:20:17,643:INFO:Memory: svmem(total=8437030912, available=1613209600, percent=80.9, used=6823821312, free=1613209600)
2020-08-15 12:20:17,644:INFO:Physical Core: 6
2020-08-15 12:20:17,644:INFO:Logical Core: 12
2020-08-15 12:20:17,645:INFO:Checking libraries
2020-08-15 12:20:17,645:INFO:pd==1.0.5
2020-08-15 12:20:17,647:INFO:numpy==1.18.5
2020-08-15 12:20:17,647:INFO:sklearn==0.23.2
2020-08-15 12:20:17,648:INFO:xgboost==1.1.1
2020-08-15 12:20:17,648:INFO:lightgbm==2.3.1
2020-08-15 12:20:17,649:INFO:catboost==0.24
2020-08-15 12:20:17,650:INFO:mlflow==1.10.0
2020-08-15 12:20:17,651:INFO:Checking Exceptions
2020-08-15 12:20:17,652:INFO:Preloading libraries
2020-08-15 12:20:17,653:INFO:Preparing display monitor
2020-08-15 12:20:17,669:INFO:Importing libraries
2020-08-15 12:20:17,683:INFO:Copying data for preprocessing
2020-08-15 12:20:17,684:INFO:Declaring global variables
2020-08-15 12:20:17,692:INFO:Declaring preprocessing parameters
2020-08-15 12:20:17,694:INFO:Importing preprocessing module
2020-08-15 12:20:17,696:INFO:Creating preprocessing pipeline
2020-08-15 12:20:19,602:INFO:Preprocessing pipeline created successfully
2020-08-15 12:20:19,602:INFO:No inverse transformer found
2020-08-15 12:20:19,603:INFO:Creating grid variables
2020-08-15 12:20:19,606:INFO:Creating global containers
2020-08-15 12:20:19,648:INFO:create_model_container: 0
2020-08-15 12:20:19,648:INFO:master_model_container: 0
2020-08-15 12:20:19,649:INFO:display_container: 0
2020-08-15 12:20:19,651:INFO:setup() succesfully completed......................................
2020-08-15 12:20:27,861:INFO:Initializing finalize_model()
2020-08-15 12:20:27,862:INFO:finalize_model(estimator=LGBMRegressor(boosting_type='gbdt', class_weight=None, colsample_bytree=1.0,
              importance_type='split', learning_rate=0.1, max_depth=-1,
              min_child_samples=20, min_child_weight=0.001, min_split_gain=0.0,
              n_estimators=100, n_jobs=-1, num_leaves=31, objective=None,
              random_state=123, reg_alpha=0.0, reg_lambda=0.0, silent=True,
              subsample=1.0, subsample_for_bin=200000, subsample_freq=0))
2020-08-15 12:20:27,863:INFO:Importing libraries
2020-08-15 12:20:27,864:INFO:Getting model name
2020-08-15 12:20:27,865:INFO:Finalizing Light Gradient Boosting Machine
2020-08-15 12:20:28,006:INFO:create_model_container: 0
2020-08-15 12:20:28,008:INFO:master_model_container: 0
2020-08-15 12:20:28,009:INFO:display_container: 1
2020-08-15 12:20:28,011:INFO:LGBMRegressor(boosting_type='gbdt', class_weight=None, colsample_bytree=1.0,
              importance_type='split', learning_rate=0.1, max_depth=-1,
              min_child_samples=20, min_child_weight=0.001, min_split_gain=0.0,
              n_estimators=100, n_jobs=-1, num_leaves=31, objective=None,
              random_state=123, reg_alpha=0.0, reg_lambda=0.0, silent=True,
              subsample=1.0, subsample_for_bin=200000, subsample_freq=0)
2020-08-15 12:20:28,013:INFO:finalize_model() succesfully completed......................................
2020-08-15 12:21:08,613:INFO:Initializing save_model()
2020-08-15 12:21:08,614:INFO:save_model(model=LGBMRegressor(boosting_type='gbdt', class_weight=None, colsample_bytree=1.0,
              importance_type='split', learning_rate=0.1, max_depth=-1,
              min_child_samples=20, min_child_weight=0.001, min_split_gain=0.0,
              n_estimators=100, n_jobs=-1, num_leaves=31, objective=None,
              random_state=123, reg_alpha=0.0, reg_lambda=0.0, silent=True,
              subsample=1.0, subsample_for_bin=200000, subsample_freq=0), model_name=Sai_LGBM, verbose=True)
2020-08-15 12:21:08,615:INFO:Appending prep pipeline
2020-08-15 12:21:08,633:INFO:Sai_LGBM.pkl saved in current working directory
2020-08-15 12:21:08,648:INFO:[Pipeline(memory=None,
         steps=[('dtypes',
                 DataTypes_Auto_infer(categorical_features=[],
                                      display_types=True, features_todrop=[],
                                      ml_usecase='regression',
                                      numerical_features=[], target='Price',
                                      time_features=[])),
                ('imputer',
                 Simple_Imputer(categorical_strategy='not_available',
                                numeric_strategy='mean',
                                target_variable=None)),
                ('new_levels1',
                 New_Catagorical_Levels_i...
                ('group', Empty()), ('nonliner', Empty()), ('scaling', Empty()),
                ('P_transform', Empty()), ('pt_target', Empty()),
                ('binn', Empty()), ('rem_outliers', Empty()),
                ('cluster_all', Empty()), ('dummy', Dummify(target='Price')),
                ('fix_perfect', Empty()), ('clean_names', Clean_Colum_Names()),
                ('feature_select', Empty()), ('fix_multi', Empty()),
                ('dfs', Empty()), ('pca', Empty())],
         verbose=False), LGBMRegressor(boosting_type='gbdt', class_weight=None, colsample_bytree=1.0,
              importance_type='split', learning_rate=0.1, max_depth=-1,
              min_child_samples=20, min_child_weight=0.001, min_split_gain=0.0,
              n_estimators=100, n_jobs=-1, num_leaves=31, objective=None,
              random_state=123, reg_alpha=0.0, reg_lambda=0.0, silent=True,
              subsample=1.0, subsample_for_bin=200000, subsample_freq=0), None]
2020-08-15 12:21:08,649:INFO:save_model() succesfully completed......................................
